<?xml version="1.0" encoding="UTF-8"?>
<!-- Generated by org.testng.reporters.JUnitReportReporter -->
<testsuite hostname="Роман-ПК" name="Tests.TestRegistration" tests="1" failures="0" timestamp="31 Oct 2015 09:40:10 GMT" time="65.802" errors="0">
  <testcase name="testRegistrationFormInput" time="65.802" classname="Tests.TestRegistration"/>
</testsuite> <!-- Tests.TestRegistration -->
